0 info it worked if it ends with ok
1 verbose cli [ 'node', '/usr/local/bin/npm', 'install', '.' ]
2 info using npm@1.3.21
3 info using node@v0.10.24
4 warn package.json app@1.0.0 No description
5 warn package.json app@1.0.0 No repository field.
6 warn package.json app@1.0.0 No README data
7 verbose readDependencies using package.json deps
8 verbose cache add [ '.', null ]
9 verbose cache add name=undefined spec="." args=[".",null]
10 verbose parsed url { protocol: null,
10 verbose parsed url   slashes: null,
10 verbose parsed url   auth: null,
10 verbose parsed url   host: null,
10 verbose parsed url   port: null,
10 verbose parsed url   hostname: null,
10 verbose parsed url   hash: null,
10 verbose parsed url   search: null,
10 verbose parsed url   query: null,
10 verbose parsed url   pathname: '.',
10 verbose parsed url   path: '.',
10 verbose parsed url   href: '.' }
11 silly lockFile 3a52ce78- .
12 verbose lock . /Users/axel/.npm/3a52ce78-.lock
13 silly lockFile 3a52ce78- .
14 silly lockFile 3a52ce78- .
15 error addLocal Could not install .
16 error Error: ENOENT, open 'package.json'
17 error If you need help, you may report this *entire* log,
17 error including the npm and node versions, at:
17 error     <http://github.com/isaacs/npm/issues>
18 error System Darwin 14.1.0
19 error command "node" "/usr/local/bin/npm" "install" "."
20 error cwd /Library/Server/Web/Data/Sites/webpremiere.dev/gap.webpremiere.de/app.director/app/webroot/js/spine/director/app
21 error node -v v0.10.24
22 error npm -v 1.3.21
23 error path package.json
24 error code ENOENT
25 error errno 34
26 verbose exit [ 34, true ]
